<?xml version="1.0" encoding="UTF-8"?>
<!-- Generated by org.testng.reporters.JUnitXMLReporter -->
<testsuite hostname="somesh-PC" name="Saturday" tests="10" failures="0" timestamp="29 Sep 2018 11:19:38 GMT" time="52.617" errors="0">
  <testcase name="@BeforeTest appLaunch" time="0.0" classname="com.testng.BeforeTestAfterTest">
    <failure type="org.openqa.selenium.NoSuchElementException" message="Unable to locate element: {&amp;quot;method&amp;quot;:&amp;quot;id&amp;quot;,&amp;quot;selector&amp;quot;:&amp;quot;btnLogin&amp;quot;}
Command duration or timeout: 16 milliseconds
For documentation on this error, please visit: http://seleniumhq.org/exceptions/no_such_element.html
Build info: version: &amp;apos;2.53.0&amp;apos;, revision: &amp;apos;35ae25b&amp;apos;, time: &amp;apos;2016-03-15 17:00:58&amp;apos;
System info: host: &amp;apos;somesh-PC&amp;apos;, ip: &amp;apos;192.168.1.11&amp;apos;, os.name: &amp;apos;Windows 7&amp;apos;, os.arch: &amp;apos;amd64&amp;apos;, os.version: &amp;apos;6.1&amp;apos;, java.version: &amp;apos;1.8.0_121&amp;apos;
Driver info: org.openqa.selenium.firefox.FirefoxDriver
Capabilities [{applicationCacheEnabled=true, rotatable=false, handlesAlerts=true, databaseEnabled=true, version=43.0.1, platform=WINDOWS, nativeEvents=false, acceptSslCerts=true, webStorageEnabled=true, locationContextEnabled=true, browserName=firefox, takesScreenshot=true, javascriptEnabled=true, cssSelectorsEnabled=true}]
Session ID: 1f79b7f1-5fa2-47bc-ab3d-7960fbb594da
*** Element info: {Using=id, value=btnLogin}">
      <![CDATA[org.openqa.selenium.NoSuchElementException: Unable to locate element: {"method":"id","selector":"btnLogin"}
Command duration or timeout: 16 milliseconds
For documentation on this error, please visit: http://seleniumhq.org/exceptions/no_such_element.html
Build info: version: '2.53.0', revision: '35ae25b', time: '2016-03-15 17:00:58'
System info: host: 'somesh-PC', ip: '192.168.1.11', os.name: 'Windows 7', os.arch: 'amd64', os.version: '6.1', java.version: '1.8.0_121'
Driver info: org.openqa.selenium.firefox.FirefoxDriver
Capabilities [{applicationCacheEnabled=true, rotatable=false, handlesAlerts=true, databaseEnabled=true, version=43.0.1, platform=WINDOWS, nativeEvents=false, acceptSslCerts=true, webStorageEnabled=true, locationContextEnabled=true, browserName=firefox, takesScreenshot=true, javascriptEnabled=true, cssSelectorsEnabled=true}]
Session ID: 1f79b7f1-5fa2-47bc-ab3d-7960fbb594da
*** Element info: {Using=id, value=btnLogin}
	at org.openqa.selenium.remote.ErrorHandler.createThrowable(ErrorHandler.java:206)
	at org.openqa.selenium.remote.ErrorHandler.throwIfResponseFailed(ErrorHandler.java:158)
	at org.openqa.selenium.remote.RemoteWebDriver.execute(RemoteWebDriver.java:678)
	at org.openqa.selenium.remote.RemoteWebDriver.findElement(RemoteWebDriver.java:363)
	at org.openqa.selenium.remote.RemoteWebDriver.findElementById(RemoteWebDriver.java:413)
	at org.openqa.selenium.By$ById.findElement(By.java:218)
	at org.openqa.selenium.remote.RemoteWebDriver.findElement(RemoteWebDriver.java:355)
	at com.testng.BeforeTestAfterTest.appLaunch(BeforeTestAfterTest.java:20)
Caused by: org.openqa.selenium.NoSuchElementException: Unable to locate element: {"method":"id","selector":"btnLogin"}
For documentation on this error, please visit: http://seleniumhq.org/exceptions/no_such_element.html
Build info: version: '2.53.0', revision: '35ae25b', time: '2016-03-15 17:00:58'
System info: host: 'somesh-PC', ip: '192.168.1.11', os.name: 'Windows 7', os.arch: 'amd64', os.version: '6.1', java.version: '1.8.0_121'
Driver info: driver.version: unknown
	at <anonymous class>.FirefoxDriver.prototype.findElementInternal_(file:///C:/Users/somesh/AppData/Local/Temp/anonymous8298717043833840412webdriver-profile/extensions/fxdriver@googlecode.com/components/driver-component.js:10770)
	at <anonymous class>.FirefoxDriver.prototype.findElement(file:///C:/Users/somesh/AppData/Local/Temp/anonymous8298717043833840412webdriver-profile/extensions/fxdriver@googlecode.com/components/driver-component.js:10779)
	at <anonymous class>.DelayedCommand.prototype.executeInternal_/h(file:///C:/Users/somesh/AppData/Local/Temp/anonymous8298717043833840412webdriver-profile/extensions/fxdriver@googlecode.com/components/command-processor.js:12661)
	at <anonymous class>.DelayedCommand.prototype.executeInternal_(file:///C:/Users/somesh/AppData/Local/Temp/anonymous8298717043833840412webdriver-profile/extensions/fxdriver@googlecode.com/components/command-processor.js:12666)
	at <anonymous class>.DelayedCommand.prototype.execute/<(file:///C:/Users/somesh/AppData/Local/Temp/anonymous8298717043833840412webdriver-profile/extensions/fxdriver@googlecode.com/components/command-processor.js:12608)
... Removed 26 stack frames]]>
    </failure>
  </testcase> <!-- @BeforeTest appLaunch -->
  <testcase name="@BeforeTest appLogin" time="0.0" classname="com.testng.BeforeTestAfterTest">
    <skipped/>
  </testcase> <!-- @BeforeTest appLogin -->
  <testcase name="@BeforeMethod before" time="0.0" classname="com.testng.Annotation">
    <skipped/>
  </testcase> <!-- @BeforeMethod before -->
  <testcase name="@AfterMethod after" time="0.0" classname="com.testng.Annotation">
    <skipped/>
  </testcase> <!-- @AfterMethod after -->
  <testcase name="@BeforeMethod before" time="0.0" classname="com.testng.Annotation">
    <skipped/>
  </testcase> <!-- @BeforeMethod before -->
  <testcase name="@AfterMethod after" time="0.0" classname="com.testng.Annotation">
    <skipped/>
  </testcase> <!-- @AfterMethod after -->
  <testcase name="@AfterTest appLogout" time="0.0" classname="com.testng.AddEmp">
    <skipped/>
  </testcase> <!-- @AfterTest appLogout -->
  <testcase name="addEmp" time="0.001" classname="com.testng.AddEmp">
    <skipped/>
  </testcase> <!-- addEmp -->
  <testcase name="verify" time="0.008" classname="com.testng.Validation">
    <skipped/>
  </testcase> <!-- verify -->
  <testcase name="adminLogin" time="0.001" classname="com.testng.AdminLoginTest">
    <skipped/>
  </testcase> <!-- adminLogin -->
  <testcase name="method1" time="0.0" classname="com.testng.Annotation">
    <skipped/>
  </testcase> <!-- method1 -->
  <testcase name="method" time="0.0" classname="com.testng.Annotation">
    <skipped/>
  </testcase> <!-- method -->
  <testcase name="first" time="0.0" classname="com.testng.FirstTestNg">
    <skipped/>
  </testcase> <!-- first -->
  <testcase name="appLogin" time="0.001" classname="com.testng.BeforeTestAfterTest">
    <skipped/>
  </testcase> <!-- appLogin -->
  <testcase name="appLaunch" time="0.004" classname="com.testng.MultipleTestNg">
    <skipped/>
  </testcase> <!-- appLaunch -->
  <testcase name="appLogin" time="0.0" classname="com.testng.MultipleTestNg">
    <skipped/>
  </testcase> <!-- appLogin -->
  <testcase name="appClose" time="0.0" classname="com.testng.MultipleTestNg">
    <skipped/>
  </testcase> <!-- appClose -->
</testsuite> <!-- Saturday -->
